<?xml version="1.0" encoding="utf-8"?><testsuites name="pytest tests"><testsuite name="pytest" errors="0" failures="0" skipped="0" tests="15" time="3.847" timestamp="2026-03-23T00:25:38.425131+00:00" hostname="agent-env-84b3a08c-794b-46e9-ba80-6826f4ea3907"><testcase classname="backend.tests.test_google_places_api.TestHealthAndRoot" name="test_api_root" time="0.182" /><testcase classname="backend.tests.test_google_places_api.TestHealthAndRoot" name="test_health_endpoint" time="0.153" /><testcase classname="backend.tests.test_google_places_api.TestGooglePlacesAPI" name="test_places_endpoint_returns_google_source" time="0.432" /><testcase classname="backend.tests.test_google_places_api.TestGooglePlacesAPI" name="test_places_have_google_place_ids" time="0.400" /><testcase classname="backend.tests.test_google_places_api.TestGooglePlacesAPI" name="test_places_have_travel_times_from_distance_matrix" time="0.357" /><testcase classname="backend.tests.test_google_places_api.TestGooglePlacesAPI" name="test_places_have_required_fields" time="0.345" /><testcase classname="backend.tests.test_google_places_api.TestGooglePlacesAPI" name="test_places_category_filter" time="0.666" /><testcase classname="backend.tests.test_google_places_api.TestGeocodingAPI" name="test_location_endpoint" time="0.146" /><testcase classname="backend.tests.test_google_places_api.TestCannabisAPI" name="test_strains_endpoint" time="0.114" /><testcase classname="backend.tests.test_google_places_api.TestCannabisAPI" name="test_dispensaries_endpoint" time="0.129" /><testcase classname="backend.tests.test_google_places_api.TestCannabisAPI" name="test_cannabis_stats" time="0.150" /><testcase classname="backend.tests.test_google_places_api.TestReviewsAPI" name="test_get_place_reviews" time="0.109" /><testcase classname="backend.tests.test_google_places_api.TestReviewsAPI" name="test_create_review_requires_auth" time="0.106" /><testcase classname="backend.tests.test_google_places_api.TestCategoriesAPI" name="test_categories_list" time="0.099" /><testcase classname="backend.tests.test_google_places_api.TestNearbyPlacesAPI" name="test_nearby_places_endpoint" time="0.344" /></testsuite></testsuites>