<?xml version="1.0" encoding="utf-8"?><testsuites name="pytest tests"><testsuite name="pytest" errors="0" failures="0" skipped="0" tests="50" time="13.708" timestamp="2026-03-23T17:04:08.514135+00:00" hostname="agent-env-9ff01d80-2cf4-490f-a3de-3551cfd8dee4"><testcase classname="backend.tests.test_filters_and_pwa.TestFilterParameters" name="test_max_distance_1km" time="0.426" /><testcase classname="backend.tests.test_filters_and_pwa.TestFilterParameters" name="test_max_distance_10km" time="0.367" /><testcase classname="backend.tests.test_filters_and_pwa.TestFilterParameters" name="test_max_distance_100km" time="0.346" /><testcase classname="backend.tests.test_filters_and_pwa.TestFilterParameters" name="test_min_rating_filter" time="0.379" /><testcase classname="backend.tests.test_filters_and_pwa.TestFilterParameters" name="test_min_rating_filter_4" time="0.345" /><testcase classname="backend.tests.test_filters_and_pwa.TestFilterParameters" name="test_max_price_filter" time="0.299" /><testcase classname="backend.tests.test_filters_and_pwa.TestFilterParameters" name="test_min_price_filter" time="0.329" /><testcase classname="backend.tests.test_filters_and_pwa.TestFilterParameters" name="test_sort_by_distance" time="0.332" /><testcase classname="backend.tests.test_filters_and_pwa.TestFilterParameters" name="test_sort_by_rating" time="0.337" /><testcase classname="backend.tests.test_filters_and_pwa.TestFilterParameters" name="test_sort_by_price" time="0.322" /><testcase classname="backend.tests.test_filters_and_pwa.TestFilterParameters" name="test_combined_filters" time="0.317" /><testcase classname="backend.tests.test_filters_and_pwa.TestPWASupport" name="test_manifest_loads" time="0.132" /><testcase classname="backend.tests.test_filters_and_pwa.TestPWASupport" name="test_manifest_icons" time="0.113" /><testcase classname="backend.tests.test_filters_and_pwa.TestPWASupport" name="test_icon_192_loads" time="0.163" /><testcase classname="backend.tests.test_filters_and_pwa.TestPWASupport" name="test_icon_512_loads" time="0.106" /><testcase classname="backend.tests.test_filters_and_pwa.TestPWASupport" name="test_manifest_theme_colors" time="0.106" /><testcase classname="backend.tests.test_filters_and_pwa.TestRadiusOptions" name="test_radius_option[1000-1 km]" time="0.328" /><testcase classname="backend.tests.test_filters_and_pwa.TestRadiusOptions" name="test_radius_option[5000-5 km]" time="0.369" /><testcase classname="backend.tests.test_filters_and_pwa.TestRadiusOptions" name="test_radius_option[10000-10 km]" time="0.371" /><testcase classname="backend.tests.test_filters_and_pwa.TestRadiusOptions" name="test_radius_option[25000-25 km]" time="0.359" /><testcase classname="backend.tests.test_filters_and_pwa.TestRadiusOptions" name="test_radius_option[50000-50 km]" time="0.328" /><testcase classname="backend.tests.test_filters_and_pwa.TestRadiusOptions" name="test_radius_option[100000-100 km]" time="0.316" /><testcase classname="backend.tests.test_google_places_api.TestHealthAndRoot" name="test_api_root" time="0.114" /><testcase classname="backend.tests.test_google_places_api.TestHealthAndRoot" name="test_health_endpoint" time="0.098" /><testcase classname="backend.tests.test_google_places_api.TestGooglePlacesAPI" name="test_places_endpoint_returns_google_source" time="0.375" /><testcase classname="backend.tests.test_google_places_api.TestGooglePlacesAPI" name="test_places_have_google_place_ids" time="0.312" /><testcase classname="backend.tests.test_google_places_api.TestGooglePlacesAPI" name="test_places_have_travel_times_from_distance_matrix" time="0.293" /><testcase classname="backend.tests.test_google_places_api.TestGooglePlacesAPI" name="test_places_have_required_fields" time="0.320" /><testcase classname="backend.tests.test_google_places_api.TestGooglePlacesAPI" name="test_places_category_filter" time="0.363" /><testcase classname="backend.tests.test_google_places_api.TestGeocodingAPI" name="test_location_endpoint" time="0.183" /><testcase classname="backend.tests.test_google_places_api.TestCannabisAPI" name="test_strains_endpoint" time="0.115" /><testcase classname="backend.tests.test_google_places_api.TestCannabisAPI" name="test_dispensaries_endpoint" time="0.486" /><testcase classname="backend.tests.test_google_places_api.TestCannabisAPI" name="test_cannabis_stats" time="0.147" /><testcase classname="backend.tests.test_google_places_api.TestReviewsAPI" name="test_get_place_reviews" time="0.130" /><testcase classname="backend.tests.test_google_places_api.TestReviewsAPI" name="test_create_review_requires_auth" time="0.117" /><testcase classname="backend.tests.test_google_places_api.TestCategoriesAPI" name="test_categories_list" time="0.134" /><testcase classname="backend.tests.test_google_places_api.TestNearbyPlacesAPI" name="test_nearby_places_endpoint" time="0.318" /><testcase classname="backend.tests.test_location_and_photos.TestCitySearch" name="test_search_city_los_angeles" time="0.180" /><testcase classname="backend.tests.test_location_and_photos.TestCitySearch" name="test_search_city_new_york" time="0.184" /><testcase classname="backend.tests.test_location_and_photos.TestCitySearch" name="test_search_city_tokyo" time="0.147" /><testcase classname="backend.tests.test_location_and_photos.TestCitySearch" name="test_search_city_empty_query" time="0.136" /><testcase classname="backend.tests.test_location_and_photos.TestCitySearch" name="test_search_city_gibberish" time="0.198" /><testcase classname="backend.tests.test_location_and_photos.TestReverseGeocode" name="test_reverse_geocode_los_angeles" time="0.161" /><testcase classname="backend.tests.test_location_and_photos.TestReverseGeocode" name="test_reverse_geocode_new_york" time="0.159" /><testcase classname="backend.tests.test_location_and_photos.TestPlacesWithGooglePhotos" name="test_places_return_google_photos" time="0.356" /><testcase classname="backend.tests.test_location_and_photos.TestPlacesWithGooglePhotos" name="test_places_have_required_fields" time="0.340" /><testcase classname="backend.tests.test_location_and_photos.TestDispensariesWithGooglePhotos" name="test_dispensaries_return_google_photos" time="0.715" /><testcase classname="backend.tests.test_location_and_photos.TestDispensariesWithGooglePhotos" name="test_dispensaries_have_required_fields" time="0.370" /><testcase classname="backend.tests.test_location_and_photos.TestDispensariesWithGooglePhotos" name="test_dispensaries_with_distance" time="0.488" /><testcase classname="backend.tests.test_location_and_photos.TestLocationEndpoint" name="test_location_endpoint" time="0.173" /></testsuite></testsuites>